0 info it worked if it ends with ok
1 verbose cli [
1 verbose cli   'C:\\Program Files\\nodejs\\node.exe',
1 verbose cli   'C:\\Program Files\\nodejs\\node_modules\\npm\\bin\\npm-cli.js',
1 verbose cli   'install',
1 verbose cli   '--production'
1 verbose cli ]
2 info using npm@6.14.13
3 info using node@v14.17.2
4 verbose npm-session a0a9a24f1cc43e8c
5 silly install runPreinstallTopLevelLifecycles
6 silly preinstall getUserInfo@1.0.0
7 info lifecycle getUserInfo@1.0.0~preinstall: getUserInfo@1.0.0
8 silly install loadCurrentTree
9 silly install readLocalPackageData
10 timing stage:loadCurrentTree Completed in 9ms
11 silly install loadIdealTree
12 silly install cloneCurrentTreeToIdealTree
13 timing stage:loadIdealTree:cloneCurrentTree Completed in 0ms
14 silly install loadShrinkwrap
15 timing stage:loadIdealTree:loadShrinkwrap Completed in 1ms
16 silly install loadAllDepsIntoIdealTree
17 silly fetchPackageMetaData error for wx-server-sdk@~2.5.3 request to https://registry.npmjs.org/wx-server-sdk failed, reason: read ECONNRESET
18 silly fetchPackageMetaData error for wx-server-sdk@~2.5.3 request to https://registry.npmjs.org/wx-server-sdk failed, reason: read ECONNRESET
19 timing stage:rollbackFailedOptional Completed in 1ms
20 timing stage:runTopLevelLifecycles Completed in 141539ms
21 silly saveTree getUserInfo@1.0.0
22 verbose type system
23 verbose stack FetchError: request to https://registry.npmjs.org/wx-server-sdk failed, reason: read ECONNRESET
23 verbose stack     at ClientRequest.<anonymous> (C:\Program Files\nodejs\node_modules\npm\node_modules\node-fetch-npm\src\index.js:68:14)
23 verbose stack     at ClientRequest.emit (events.js:375:28)
23 verbose stack     at TLSSocket.socketErrorListener (_http_client.js:475:9)
23 verbose stack     at TLSSocket.emit (events.js:375:28)
23 verbose stack     at emitErrorNT (internal/streams/destroy.js:106:8)
23 verbose stack     at emitErrorCloseNT (internal/streams/destroy.js:74:3)
23 verbose stack     at processTicksAndRejections (internal/process/task_queues.js:82:21)
24 verbose cwd E:\微信小程序\project\cloudfunctions\getUserInfo
25 verbose Windows_NT 10.0.18363
26 verbose argv "C:\\Program Files\\nodejs\\node.exe" "C:\\Program Files\\nodejs\\node_modules\\npm\\bin\\npm-cli.js" "install" "--production"
27 verbose node v14.17.2
28 verbose npm  v6.14.13
29 error code ECONNRESET
30 error errno ECONNRESET
31 error network request to https://registry.npmjs.org/wx-server-sdk failed, reason: read ECONNRESET
32 error network This is a problem related to network connectivity.
32 error network In most cases you are behind a proxy or have bad network settings.
32 error network
32 error network If you are behind a proxy, please make sure that the
32 error network 'proxy' config is set properly.  See: 'npm help config'
33 verbose exit [ 1, true ]
